#
# There is insufficient memory for the Java Runtime Environment to continue.
# Native memory allocation (malloc) failed to allocate 1890784 bytes. Error detail: Chunk::new
# Possible reasons:
#   The system is out of physical RAM or swap space
#   This process is running with CompressedOops enabled, and the Java Heap may be blocking the growth of the native heap
# Possible solutions:
#   Reduce memory load on the system
#   Increase physical memory or swap space
#   Check if swap backing store is full
#   Decrease Java heap size (-Xmx/-Xms)
#   Decrease number of Java threads
#   Decrease Java thread stack sizes (-Xss)
#   Set larger code cache with -XX:ReservedCodeCacheSize=
#   JVM is running with Unscaled Compressed Oops mode in which the Java heap is
#     placed in the first 4GB address space. The Java Heap base address is the
#     maximum limit for the native heap growth. Please use -XX:HeapBaseMinAddress
#     to set the Java Heap base and to place the Java Heap above 4GB virtual address.
# This output file may be truncated or incomplete.
#
#  Out of Memory Error (arena.cpp:191), pid=11080, tid=11784
#
# JRE version: OpenJDK Runtime Environment Temurin-17.0.11+9 (17.0.11+9) (build 17.0.11+9)
# Java VM: OpenJDK 64-Bit Server VM Temurin-17.0.11+9 (17.0.11+9, mixed mode, tiered, compressed oops, compressed class ptrs, parallel gc, windows-amd64)
# No core dump will be written. Minidumps are not enabled by default on client versions of Windows
#

---------------  S U M M A R Y ------------

Command Line: --add-modules=ALL-SYSTEM --add-opens=java.base/java.util=ALL-UNNAMED --add-opens=java.base/java.lang=ALL-UNNAMED --add-opens=java.base/sun.nio.fs=ALL-UNNAMED -Declipse.application=org.eclipse.jdt.ls.core.id1 -Dosgi.bundles.defaultStartLevel=4 -Declipse.product=org.eclipse.jdt.ls.core.product -Djava.import.generatesMetadataFilesAtProjectRoot=false -DDetectVMInstallationsJob.disabled=true -Dfile.encoding=utf8 -XX:+UseParallelGC -XX:GCTimeRatio=4 -XX:AdaptiveSizePolicyWeight=90 -Dsun.zip.disableMemoryMapping=true -Xmx1G -Xms100m -Xlog:disable -javaagent:c:\Users\User\.vscode\extensions\redhat.java-1.32.0-win32-x64\lombok\lombok-1.18.33.jar -XX:+HeapDumpOnOutOfMemoryError -XX:HeapDumpPath=c:\Users\User\AppData\Roaming\Code\User\workspaceStorage\eaf135cd5310be31a5f9fb246a386dd1\redhat.java -Daether.dependencyCollector.impl=bf c:\Users\User\.vscode\extensions\redhat.java-1.32.0-win32-x64\server\plugins\org.eclipse.equinox.launcher_1.6.900.v20240613-2009.jar -configuration c:\Users\User\AppData\Roaming\Code\User\globalStorage\redhat.java\1.32.0\config_win -data c:\Users\User\AppData\Roaming\Code\User\workspaceStorage\eaf135cd5310be31a5f9fb246a386dd1\redhat.java\jdt_ws --pipe=\\.\pipe\lsp-d7a611be1156c922323cd9ebd12cd8e0-sock

Host: AMD Ryzen 5 5500U with Radeon Graphics         , 12 cores, 5G,  Windows 10 , 64 bit Build 19041 (10.0.19041.3636)
Time: Mon Jul  8 16:20:57 2024 Hora oficial do Brasil elapsed time: 5.677159 seconds (0d 0h 0m 5s)

---------------  T H R E A D  ---------------

Current thread (0x000002b1b995bb40):  JavaThread "C2 CompilerThread1" daemon [_thread_in_native, id=11784, stack(0x000000e93f700000,0x000000e93f800000)]


Current CompileTask:
C2:   5677 4738   !   4       org.eclipse.osgi.internal.loader.classpath.ClasspathManager::defineClass (636 bytes)

Stack: [0x000000e93f700000,0x000000e93f800000]
Native frames: (J=compiled Java code, j=interpreted, Vv=VM code, C=native code)
V  [jvm.dll+0x67d429]
V  [jvm.dll+0x834b7a]
V  [jvm.dll+0x83663e]
V  [jvm.dll+0x836ca3]
V  [jvm.dll+0x247dbf]
V  [jvm.dll+0xac534]
V  [jvm.dll+0xacb7c]
V  [jvm.dll+0x366647]
V  [jvm.dll+0x1bd086]
V  [jvm.dll+0x21a5c9]
V  [jvm.dll+0x2198b1]
V  [jvm.dll+0x1a534d]
V  [jvm.dll+0x2295cd]
V  [jvm.dll+0x22779c]
V  [jvm.dll+0x7e9d07]
V  [jvm.dll+0x7e410a]
V  [jvm.dll+0x67c315]
C  [ucrtbase.dll+0x21bb2]
C  [KERNEL32.DLL+0x17344]
C  [ntdll.dll+0x4cc91]


---------------  P R O C E S S  ---------------

Threads class SMR info:
_java_thread_list=0x000002b1bb733210, length=43, elements={
0x000002b1a0637ea0, 0x000002b1b44c29e0, 0x000002b1b44c45a0, 0x000002b1b44ca4b0,
0x000002b1b44cb240, 0x000002b1b44cc770, 0x000002b1b44ce7b0, 0x000002b1b981ad10,
0x000002b1b98202d0, 0x000002b1b9820be0, 0x000002b1b9926d20, 0x000002b1b995bb40,
0x000002b1b9b697e0, 0x000002b1bb7be010, 0x000002b1bb7b6a90, 0x000002b1bb7b6f70,
0x000002b1bbf2bdc0, 0x000002b1bbdf6420, 0x000002b1bbef3a10, 0x000002b1bbb747d0,
0x000002b1bbb742c0, 0x000002b1bbb74ce0, 0x000002b1bc3bb130, 0x000002b1bbb75700,
0x000002b1bbb77560, 0x000002b1bbb75c10, 0x000002b1bbb76120, 0x000002b1bbb76630,
0x000002b1bbb76b40, 0x000002b1bbb73db0, 0x000002b1bc33fca0, 0x000002b1bc341b00,
0x000002b1bc33f790, 0x000002b1bc344890, 0x000002b1bc3457c0, 0x000002b1bc340bd0,
0x000002b1bc342f40, 0x000002b1bc342010, 0x000002b1bc342520, 0x000002b1bc3401b0,
0x000002b1bc33e860, 0x000002b1bc342a30, 0x000002b1bc33f280
}

Java Threads: ( => current thread )
  0x000002b1a0637ea0 JavaThread "main" [_thread_blocked, id=10544, stack(0x000000e93ea00000,0x000000e93eb00000)]
  0x000002b1b44c29e0 JavaThread "Reference Handler" daemon [_thread_blocked, id=4880, stack(0x000000e93ed00000,0x000000e93ee00000)]
  0x000002b1b44c45a0 JavaThread "Finalizer" daemon [_thread_blocked, id=5136, stack(0x000000e93ee00000,0x000000e93ef00000)]
  0x000002b1b44ca4b0 JavaThread "Signal Dispatcher" daemon [_thread_blocked, id=6920, stack(0x000000e93ef00000,0x000000e93f000000)]
  0x000002b1b44cb240 JavaThread "Attach Listener" daemon [_thread_blocked, id=9220, stack(0x000000e93f000000,0x000000e93f100000)]
  0x000002b1b44cc770 JavaThread "Service Thread" daemon [_thread_blocked, id=2312, stack(0x000000e93f100000,0x000000e93f200000)]
  0x000002b1b44ce7b0 JavaThread "Monitor Deflation Thread" daemon [_thread_blocked, id=2900, stack(0x000000e93f200000,0x000000e93f300000)]
  0x000002b1b981ad10 JavaThread "C2 CompilerThread0" daemon [_thread_blocked, id=6108, stack(0x000000e93f300000,0x000000e93f400000)]
  0x000002b1b98202d0 JavaThread "C1 CompilerThread0" daemon [_thread_blocked, id=10520, stack(0x000000e93f400000,0x000000e93f500000)]
  0x000002b1b9820be0 JavaThread "Sweeper thread" daemon [_thread_blocked, id=8376, stack(0x000000e93f500000,0x000000e93f600000)]
  0x000002b1b9926d20 JavaThread "Common-Cleaner" daemon [_thread_blocked, id=3632, stack(0x000000e93f600000,0x000000e93f700000)]
=>0x000002b1b995bb40 JavaThread "C2 CompilerThread1" daemon [_thread_in_native, id=11784, stack(0x000000e93f700000,0x000000e93f800000)]
  0x000002b1b9b697e0 JavaThread "Notification Thread" daemon [_thread_blocked, id=2884, stack(0x000000e93f800000,0x000000e93f900000)]
  0x000002b1bb7be010 JavaThread "Active Thread: Equinox Container: 02025777-0843-4e96-88da-d978a3d446a5" [_thread_blocked, id=6256, stack(0x000000e940100000,0x000000e940200000)]
  0x000002b1bb7b6a90 JavaThread "Framework Event Dispatcher: Equinox Container: 02025777-0843-4e96-88da-d978a3d446a5" daemon [_thread_blocked, id=8408, stack(0x000000e940200000,0x000000e940300000)]
  0x000002b1bb7b6f70 JavaThread "Start Level: Equinox Container: 02025777-0843-4e96-88da-d978a3d446a5" daemon [_thread_blocked, id=12912, stack(0x000000e940300000,0x000000e940400000)]
  0x000002b1bbf2bdc0 JavaThread "Bundle File Closer" daemon [_thread_blocked, id=2868, stack(0x000000e940500000,0x000000e940600000)]
  0x000002b1bbdf6420 JavaThread "SCR Component Actor" daemon [_thread_blocked, id=2044, stack(0x000000e940700000,0x000000e940800000)]
  0x000002b1bbef3a10 JavaThread "SCR Component Registry" daemon [_thread_blocked, id=13232, stack(0x000000e940800000,0x000000e940900000)]
  0x000002b1bbb747d0 JavaThread "Worker-JM" [_thread_blocked, id=10224, stack(0x000000e940a00000,0x000000e940b00000)]
  0x000002b1bbb742c0 JavaThread "Worker-0: Repository registry initialization" [_thread_in_Java, id=9980, stack(0x000000e93fa00000,0x000000e93fb00000)]
  0x000002b1bbb74ce0 JavaThread "Worker-1" [_thread_blocked, id=8220, stack(0x000000e940b00000,0x000000e940c00000)]
  0x000002b1bc3bb130 JavaThread "C2 CompilerThread2" daemon [_thread_in_native, id=4336, stack(0x000000e940c00000,0x000000e940d00000)]
  0x000002b1bbb75700 JavaThread "Java indexing" daemon [_thread_blocked, id=12624, stack(0x000000e940d00000,0x000000e940e00000)]
  0x000002b1bbb77560 JavaThread "Worker-2" [_thread_blocked, id=8260, stack(0x000000e940e00000,0x000000e940f00000)]
  0x000002b1bbb75c10 JavaThread "JNA Cleaner" daemon [_thread_blocked, id=9156, stack(0x000000e940f00000,0x000000e941000000)]
  0x000002b1bbb76120 JavaThread "Thread-2" daemon [_thread_in_native, id=10180, stack(0x000000e941200000,0x000000e941300000)]
  0x000002b1bbb76630 JavaThread "Thread-3" daemon [_thread_in_native, id=1968, stack(0x000000e941300000,0x000000e941400000)]
  0x000002b1bbb76b40 JavaThread "Thread-4" daemon [_thread_in_native, id=3884, stack(0x000000e941400000,0x000000e941500000)]
  0x000002b1bbb73db0 JavaThread "Thread-5" daemon [_thread_in_native, id=1800, stack(0x000000e941500000,0x000000e941600000)]
  0x000002b1bc33fca0 JavaThread "Thread-6" daemon [_thread_in_native, id=1576, stack(0x000000e941600000,0x000000e941700000)]
  0x000002b1bc341b00 JavaThread "Thread-7" daemon [_thread_in_native, id=11852, stack(0x000000e941700000,0x000000e941800000)]
  0x000002b1bc33f790 JavaThread "Thread-8" daemon [_thread_in_native, id=2504, stack(0x000000e941800000,0x000000e941900000)]
  0x000002b1bc344890 JavaThread "Thread-9" daemon [_thread_in_native, id=12824, stack(0x000000e941900000,0x000000e941a00000)]
  0x000002b1bc3457c0 JavaThread "Thread-10" daemon [_thread_in_native, id=5196, stack(0x000000e941a00000,0x000000e941b00000)]
  0x000002b1bc340bd0 JavaThread "Thread-11" daemon [_thread_in_native, id=12832, stack(0x000000e941b00000,0x000000e941c00000)]
  0x000002b1bc342f40 JavaThread "Thread-12" daemon [_thread_in_native, id=9788, stack(0x000000e941c00000,0x000000e941d00000)]
  0x000002b1bc342010 JavaThread "Thread-13" daemon [_thread_in_native, id=8540, stack(0x000000e941d00000,0x000000e941e00000)]
  0x000002b1bc342520 JavaThread "Thread-14" daemon [_thread_in_native, id=9744, stack(0x000000e941e00000,0x000000e941f00000)]
  0x000002b1bc3401b0 JavaThread "pool-2-thread-1" [_thread_blocked, id=12104, stack(0x000000e941f00000,0x000000e942000000)]
  0x000002b1bc33e860 JavaThread "WorkspaceEventsHandler" [_thread_blocked, id=7972, stack(0x000000e942000000,0x000000e942100000)]
  0x000002b1bc342a30 JavaThread "pool-1-thread-1" [_thread_blocked, id=7056, stack(0x000000e942100000,0x000000e942200000)]
  0x000002b1bc33f280 JavaThread "Worker-3" [_thread_blocked, id=6848, stack(0x000000e942200000,0x000000e942300000)]

Other Threads:
  0x000002b1a06eea90 VMThread "VM Thread" [stack: 0x000000e93ec00000,0x000000e93ed00000] [id=3100]
  0x000002b1b9b69cc0 WatcherThread [stack: 0x000000e93f900000,0x000000e93fa00000] [id=12160]
  0x000002b1a064baa0 GCTaskThread "GC Thread#0" [stack: 0x000000e93eb00000,0x000000e93ec00000] [id=12964]
  0x000002b1bb121b90 GCTaskThread "GC Thread#1" [stack: 0x000000e93fb00000,0x000000e93fc00000] [id=4632]
  0x000002b1bb772830 GCTaskThread "GC Thread#2" [stack: 0x000000e93fc00000,0x000000e93fd00000] [id=4572]
  0x000002b1bb772af0 GCTaskThread "GC Thread#3" [stack: 0x000000e93fd00000,0x000000e93fe00000] [id=7072]
  0x000002b1bb21e7e0 GCTaskThread "GC Thread#4" [stack: 0x000000e93fe00000,0x000000e93ff00000] [id=11600]
  0x000002b1bb21f2b0 GCTaskThread "GC Thread#5" [stack: 0x000000e93ff00000,0x000000e940000000] [id=3800]
  0x000002b1bb017830 GCTaskThread "GC Thread#6" [stack: 0x000000e940000000,0x000000e940100000] [id=8636]
  0x000002b19e498280 GCTaskThread "GC Thread#7" [stack: 0x000000e940400000,0x000000e940500000] [id=2272]
  0x000002b1bbf99410 GCTaskThread "GC Thread#8" [stack: 0x000000e940600000,0x000000e940700000] [id=13184]
  0x000002b1bbcf6e20 GCTaskThread "GC Thread#9" [stack: 0x000000e940900000,0x000000e940a00000] [id=4328]

Threads with active compile tasks:
C2 CompilerThread1     5711 4738   !   4       org.eclipse.osgi.internal.loader.classpath.ClasspathManager::defineClass (636 bytes)
C2 CompilerThread2     5711 4573   !   4       org.eclipse.osgi.internal.loader.classpath.ClasspathManager::findLocalClass (210 bytes)

VM state: not at safepoint (normal execution)

VM Mutex/Monitor currently owned by a thread: None

Heap address: 0x00000000c0000000, size: 1024 MB, Compressed Oops mode: 32-bit

CDS archive(s) not mapped
Compressed class space mapped at: 0x0000000100000000-0x0000000140000000, reserved size: 1073741824
Narrow klass base: 0x0000000000000000, Narrow klass shift: 3, Narrow klass range: 0x140000000

GC Precious Log:
 CPUs: 12 total, 12 available
 Memory: 6005M
 Large Page Support: Disabled
 NUMA Support: Disabled
 Compressed Oops: Enabled (32-bit)
 Alignments: Space 512K, Generation 512K, Heap 2M
 Heap Min Capacity: 100M
 Heap Initial Capacity: 100M
 Heap Max Capacity: 1G
 Pre-touch: Disabled
 Parallel Workers: 10

Heap:
 PSYoungGen      total 23040K, used 19477K [0x00000000eab00000, 0x00000000ec680000, 0x0000000100000000)
  eden space 22016K, 83% used [0x00000000eab00000,0x00000000ebd060b0,0x00000000ec080000)
  from space 1024K, 99% used [0x00000000ec500000,0x00000000ec5ff658,0x00000000ec600000)
  to   space 512K, 0% used [0x00000000ec600000,0x00000000ec600000,0x00000000ec680000)
 ParOldGen       total 68608K, used 17574K [0x00000000c0000000, 0x00000000c4300000, 0x00000000eab00000)
  object space 68608K, 25% used [0x00000000c0000000,0x00000000c1129a10,0x00000000c4300000)
 Metaspace       used 46960K, committed 47936K, reserved 1114112K
  class space    used 5003K, committed 5440K, reserved 1048576K

Card table byte_map: [0x000002b19ffd0000,0x000002b1a01e0000] _byte_map_base: 0x000002b19f9d0000

Marking Bits: (ParMarkBitMap*) 0x00007ffadca9d820
 Begin Bits: [0x000002b1b22d0000, 0x000002b1b32d0000)
 End Bits:   [0x000002b1b32d0000, 0x000002b1b42d0000)

Polling page: 0x000002b19e5f0000

Metaspace:

Usage:
  Non-class:     40.97 MB used.
      Class:      4.89 MB used.
       Both:     45.86 MB used.

Virtual space:
  Non-class space:       64.00 MB reserved,      41.50 MB ( 65%) committed,  1 nodes.
      Class space:        1.00 GB reserved,       5.31 MB ( <1%) committed,  1 nodes.
             Both:        1.06 GB reserved,      46.81 MB (  4%) committed. 

Chunk freelists:
   Non-Class:  6.55 MB
       Class:  10.62 MB
        Both:  17.17 MB

MaxMetaspaceSize: unlimited
CompressedClassSpaceSize: 1.00 GB
Initial GC threshold: 21.00 MB
Current GC threshold: 58.38 MB
CDS: off
MetaspaceReclaimPolicy: balanced
 - commit_granule_bytes: 65536.
 - commit_granule_words: 8192.
 - virtual_space_node_default_size: 8388608.
 - enlarge_chunks_in_place: 1.
 - new_chunks_are_fully_committed: 0.
 - uncommit_free_chunks: 1.
 - use_allocation_guard: 0.
 - handle_deallocations: 1.


Internal statistics:

num_allocs_failed_limit: 6.
num_arena_births: 688.
num_arena_deaths: 14.
num_vsnodes_births: 2.
num_vsnodes_deaths: 0.
num_space_committed: 749.
num_space_uncommitted: 0.
num_chunks_returned_to_freelist: 20.
num_chunks_taken_from_freelist: 2452.
num_chunk_merges: 5.
num_chunk_splits: 1511.
num_chunks_enlarged: 861.
num_inconsistent_stats: 0.

CodeHeap 'non-profiled nmethods': size=120000Kb used=2090Kb max_used=2464Kb free=117909Kb
 bounds [0x000002b1aada0000, 0x000002b1ab010000, 0x000002b1b22d0000]
CodeHeap 'profiled nmethods': size=120000Kb used=8362Kb max_used=10361Kb free=111637Kb
 bounds [0x000002b1a32d0000, 0x000002b1a3cf0000, 0x000002b1aa800000]
CodeHeap 'non-nmethods': size=5760Kb used=1291Kb max_used=1345Kb free=4469Kb
 bounds [0x000002b1aa800000, 0x000002b1aaa70000, 0x000002b1aada0000]
 total_blobs=4861 nmethods=4239 adapters=535
 compilation: enabled
              stopped_count=0, restarted_count=0
 full_count=0

Compilation events (20 events):
Event: 5.651 Thread 0x000002b1b981ad10 4989       4       java.util.concurrent.ConcurrentHashMap::get (162 bytes)
Event: 5.652 Thread 0x000002b1b98202d0 5030       1       org.eclipse.sisu.space.WildcardKey$QualifiedImpl::annotationType (3 bytes)
Event: 5.652 Thread 0x000002b1b98202d0 nmethod 5030 0x000002b1aae44010 code [0x000002b1aae441a0, 0x000002b1aae44278]
Event: 5.653 Thread 0x000002b1b98202d0 5031       3       sun.reflect.annotation.AnnotatedTypeFactory$AnnotatedTypeBaseImpl::getAnnotations (5 bytes)
Event: 5.654 Thread 0x000002b1b98202d0 nmethod 5031 0x000002b1a385c510 code [0x000002b1a385c6e0, 0x000002b1a385cb78]
Event: 5.654 Thread 0x000002b1b98202d0 5032       3       sun.reflect.annotation.AnnotatedTypeFactory$AnnotatedTypeBaseImpl::getDeclaredAnnotations (22 bytes)
Event: 5.654 Thread 0x000002b1b98202d0 nmethod 5032 0x000002b1a3686c90 code [0x000002b1a3686e60, 0x000002b1a3687298]
Event: 5.654 Thread 0x000002b1b98202d0 5033       1       com.google.inject.Key$NullAnnotationStrategy::getAnnotationType (2 bytes)
Event: 5.654 Thread 0x000002b1b98202d0 nmethod 5033 0x000002b1aadf7d90 code [0x000002b1aadf7f20, 0x000002b1aadf7ff8]
Event: 5.656 Thread 0x000002b1b981ad10 nmethod 4989 0x000002b1aadcd190 code [0x000002b1aadcd320, 0x000002b1aadcd5f8]
Event: 5.656 Thread 0x000002b1b981ad10 4995       4       java.util.stream.Sink::end (1 bytes)
Event: 5.656 Thread 0x000002b1b981ad10 nmethod 4995 0x000002b1aade9910 code [0x000002b1aade9a80, 0x000002b1aade9af8]
Event: 5.656 Thread 0x000002b1b981ad10 4992       4       java.util.Collections::emptySet (4 bytes)
Event: 5.657 Thread 0x000002b1b981ad10 nmethod 4992 0x000002b1aade9490 code [0x000002b1aade9600, 0x000002b1aade9658]
Event: 5.659 Thread 0x000002b1b98202d0 5034       3       com.google.common.collect.ImmutableList::<init> (5 bytes)
Event: 5.660 Thread 0x000002b1b98202d0 nmethod 5034 0x000002b1a3485290 code [0x000002b1a3485440, 0x000002b1a3485678]
Event: 5.665 Thread 0x000002b1b98202d0 5035       3       com.google.common.collect.ImmutableList::of (9 bytes)
Event: 5.665 Thread 0x000002b1b98202d0 nmethod 5035 0x000002b1a3770310 code [0x000002b1a37704e0, 0x000002b1a3770988]
Event: 5.665 Thread 0x000002b1b98202d0 5036       3       com.google.common.collect.SingletonImmutableList::<init> (13 bytes)
Event: 5.666 Thread 0x000002b1b98202d0 nmethod 5036 0x000002b1a3a71b10 code [0x000002b1a3a71ce0, 0x000002b1a3a720e8]

GC Heap History (20 events):
Event: 3.245 GC heap before
{Heap before GC invocations=8 (full 1):
 PSYoungGen      total 26112K, used 25968K [0x00000000eab00000, 0x00000000eca00000, 0x0000000100000000)
  eden space 25088K, 100% used [0x00000000eab00000,0x00000000ec380000,0x00000000ec380000)
  from space 1024K, 86% used [0x00000000ec900000,0x00000000ec9dc290,0x00000000eca00000)
  to   space 2560K, 0% used [0x00000000ec500000,0x00000000ec500000,0x00000000ec780000)
 ParOldGen       total 68608K, used 10652K [0x00000000c0000000, 0x00000000c4300000, 0x00000000eab00000)
  object space 68608K, 15% used [0x00000000c0000000,0x00000000c0a67068,0x00000000c4300000)
 Metaspace       used 27310K, committed 28096K, reserved 1114112K
  class space    used 2818K, committed 3200K, reserved 1048576K
}
Event: 3.248 GC heap after
{Heap after GC invocations=8 (full 1):
 PSYoungGen      total 27136K, used 2540K [0x00000000eab00000, 0x00000000ecb00000, 0x0000000100000000)
  eden space 24576K, 0% used [0x00000000eab00000,0x00000000eab00000,0x00000000ec300000)
  from space 2560K, 99% used [0x00000000ec500000,0x00000000ec77b000,0x00000000ec780000)
  to   space 3584K, 0% used [0x00000000ec780000,0x00000000ec780000,0x00000000ecb00000)
 ParOldGen       total 68608K, used 11422K [0x00000000c0000000, 0x00000000c4300000, 0x00000000eab00000)
  object space 68608K, 16% used [0x00000000c0000000,0x00000000c0b27b60,0x00000000c4300000)
 Metaspace       used 27310K, committed 28096K, reserved 1114112K
  class space    used 2818K, committed 3200K, reserved 1048576K
}
Event: 3.466 GC heap before
{Heap before GC invocations=9 (full 1):
 PSYoungGen      total 27136K, used 27070K [0x00000000eab00000, 0x00000000ecb00000, 0x0000000100000000)
  eden space 24576K, 99% used [0x00000000eab00000,0x00000000ec2f4a20,0x00000000ec300000)
  from space 2560K, 99% used [0x00000000ec500000,0x00000000ec77b000,0x00000000ec780000)
  to   space 3584K, 0% used [0x00000000ec780000,0x00000000ec780000,0x00000000ecb00000)
 ParOldGen       total 68608K, used 11422K [0x00000000c0000000, 0x00000000c4300000, 0x00000000eab00000)
  object space 68608K, 16% used [0x00000000c0000000,0x00000000c0b27b60,0x00000000c4300000)
 Metaspace       used 29773K, committed 30528K, reserved 1114112K
  class space    used 2983K, committed 3328K, reserved 1048576K
}
Event: 3.467 GC heap after
{Heap after GC invocations=9 (full 1):
 PSYoungGen      total 27648K, used 3360K [0x00000000eab00000, 0x00000000ecb00000, 0x0000000100000000)
  eden space 24064K, 0% used [0x00000000eab00000,0x00000000eab00000,0x00000000ec280000)
  from space 3584K, 93% used [0x00000000ec780000,0x00000000ecac8398,0x00000000ecb00000)
  to   space 3584K, 0% used [0x00000000ec400000,0x00000000ec400000,0x00000000ec780000)
 ParOldGen       total 68608K, used 11430K [0x00000000c0000000, 0x00000000c4300000, 0x00000000eab00000)
  object space 68608K, 16% used [0x00000000c0000000,0x00000000c0b29b60,0x00000000c4300000)
 Metaspace       used 29773K, committed 30528K, reserved 1114112K
  class space    used 2983K, committed 3328K, reserved 1048576K
}
Event: 3.695 GC heap before
{Heap before GC invocations=10 (full 1):
 PSYoungGen      total 27648K, used 27424K [0x00000000eab00000, 0x00000000ecb00000, 0x0000000100000000)
  eden space 24064K, 100% used [0x00000000eab00000,0x00000000ec280000,0x00000000ec280000)
  from space 3584K, 93% used [0x00000000ec780000,0x00000000ecac8398,0x00000000ecb00000)
  to   space 3584K, 0% used [0x00000000ec400000,0x00000000ec400000,0x00000000ec780000)
 ParOldGen       total 68608K, used 11430K [0x00000000c0000000, 0x00000000c4300000, 0x00000000eab00000)
  object space 68608K, 16% used [0x00000000c0000000,0x00000000c0b29b60,0x00000000c4300000)
 Metaspace       used 32913K, committed 33728K, reserved 1114112K
  class space    used 3222K, committed 3584K, reserved 1048576K
}
Event: 3.699 GC heap after
{Heap after GC invocations=10 (full 1):
 PSYoungGen      total 27136K, used 3574K [0x00000000eab00000, 0x00000000ecd00000, 0x0000000100000000)
  eden space 23552K, 0% used [0x00000000eab00000,0x00000000eab00000,0x00000000ec200000)
  from space 3584K, 99% used [0x00000000ec400000,0x00000000ec77d838,0x00000000ec780000)
  to   space 5632K, 0% used [0x00000000ec780000,0x00000000ec780000,0x00000000ecd00000)
 ParOldGen       total 68608K, used 12943K [0x00000000c0000000, 0x00000000c4300000, 0x00000000eab00000)
  object space 68608K, 18% used [0x00000000c0000000,0x00000000c0ca3f78,0x00000000c4300000)
 Metaspace       used 32913K, committed 33728K, reserved 1114112K
  class space    used 3222K, committed 3584K, reserved 1048576K
}
Event: 4.081 GC heap before
{Heap before GC invocations=11 (full 1):
 PSYoungGen      total 27136K, used 27126K [0x00000000eab00000, 0x00000000ecd00000, 0x0000000100000000)
  eden space 23552K, 100% used [0x00000000eab00000,0x00000000ec200000,0x00000000ec200000)
  from space 3584K, 99% used [0x00000000ec400000,0x00000000ec77d838,0x00000000ec780000)
  to   space 5632K, 0% used [0x00000000ec780000,0x00000000ec780000,0x00000000ecd00000)
 ParOldGen       total 68608K, used 12943K [0x00000000c0000000, 0x00000000c4300000, 0x00000000eab00000)
  object space 68608K, 18% used [0x00000000c0000000,0x00000000c0ca3f78,0x00000000c4300000)
 Metaspace       used 34915K, committed 35712K, reserved 1114112K
  class space    used 3414K, committed 3776K, reserved 1048576K
}
Event: 4.085 GC heap after
{Heap after GC invocations=11 (full 1):
 PSYoungGen      total 25600K, used 2289K [0x00000000eab00000, 0x00000000eca00000, 0x0000000100000000)
  eden space 23040K, 0% used [0x00000000eab00000,0x00000000eab00000,0x00000000ec180000)
  from space 2560K, 89% used [0x00000000ec780000,0x00000000ec9bc738,0x00000000eca00000)
  to   space 3584K, 0% used [0x00000000ec300000,0x00000000ec300000,0x00000000ec680000)
 ParOldGen       total 68608K, used 15288K [0x00000000c0000000, 0x00000000c4300000, 0x00000000eab00000)
  object space 68608K, 22% used [0x00000000c0000000,0x00000000c0eee210,0x00000000c4300000)
 Metaspace       used 34915K, committed 35712K, reserved 1114112K
  class space    used 3414K, committed 3776K, reserved 1048576K
}
Event: 4.118 GC heap before
{Heap before GC invocations=12 (full 1):
 PSYoungGen      total 25600K, used 3187K [0x00000000eab00000, 0x00000000eca00000, 0x0000000100000000)
  eden space 23040K, 3% used [0x00000000eab00000,0x00000000eabe06a8,0x00000000ec180000)
  from space 2560K, 89% used [0x00000000ec780000,0x00000000ec9bc738,0x00000000eca00000)
  to   space 3584K, 0% used [0x00000000ec300000,0x00000000ec300000,0x00000000ec680000)
 ParOldGen       total 68608K, used 15288K [0x00000000c0000000, 0x00000000c4300000, 0x00000000eab00000)
  object space 68608K, 22% used [0x00000000c0000000,0x00000000c0eee210,0x00000000c4300000)
 Metaspace       used 35066K, committed 35840K, reserved 1114112K
  class space    used 3433K, committed 3776K, reserved 1048576K
}
Event: 4.120 GC heap after
{Heap after GC invocations=12 (full 1):
 PSYoungGen      total 26624K, used 288K [0x00000000eab00000, 0x00000000ec800000, 0x0000000100000000)
  eden space 23040K, 0% used [0x00000000eab00000,0x00000000eab00000,0x00000000ec180000)
  from space 3584K, 8% used [0x00000000ec300000,0x00000000ec348000,0x00000000ec680000)
  to   space 1536K, 0% used [0x00000000ec680000,0x00000000ec680000,0x00000000ec800000)
 ParOldGen       total 68608K, used 17388K [0x00000000c0000000, 0x00000000c4300000, 0x00000000eab00000)
  object space 68608K, 25% used [0x00000000c0000000,0x00000000c10fb018,0x00000000c4300000)
 Metaspace       used 35066K, committed 35840K, reserved 1114112K
  class space    used 3433K, committed 3776K, reserved 1048576K
}
Event: 4.120 GC heap before
{Heap before GC invocations=13 (full 2):
 PSYoungGen      total 26624K, used 288K [0x00000000eab00000, 0x00000000ec800000, 0x0000000100000000)
  eden space 23040K, 0% used [0x00000000eab00000,0x00000000eab00000,0x00000000ec180000)
  from space 3584K, 8% used [0x00000000ec300000,0x00000000ec348000,0x00000000ec680000)
  to   space 1536K, 0% used [0x00000000ec680000,0x00000000ec680000,0x00000000ec800000)
 ParOldGen       total 68608K, used 17388K [0x00000000c0000000, 0x00000000c4300000, 0x00000000eab00000)
  object space 68608K, 25% used [0x00000000c0000000,0x00000000c10fb018,0x00000000c4300000)
 Metaspace       used 35066K, committed 35840K, reserved 1114112K
  class space    used 3433K, committed 3776K, reserved 1048576K
}
Event: 4.158 GC heap after
{Heap after GC invocations=13 (full 2):
 PSYoungGen      total 26624K, used 0K [0x00000000eab00000, 0x00000000ec800000, 0x0000000100000000)
  eden space 23040K, 0% used [0x00000000eab00000,0x00000000eab00000,0x00000000ec180000)
  from space 3584K, 0% used [0x00000000ec300000,0x00000000ec300000,0x00000000ec680000)
  to   space 1536K, 0% used [0x00000000ec680000,0x00000000ec680000,0x00000000ec800000)
 ParOldGen       total 68608K, used 15379K [0x00000000c0000000, 0x00000000c4300000, 0x00000000eab00000)
  object space 68608K, 22% used [0x00000000c0000000,0x00000000c0f04fe8,0x00000000c4300000)
 Metaspace       used 35053K, committed 35840K, reserved 1114112K
  class space    used 3430K, committed 3776K, reserved 1048576K
}
Event: 4.480 GC heap before
{Heap before GC invocations=14 (full 2):
 PSYoungGen      total 26624K, used 23040K [0x00000000eab00000, 0x00000000ec800000, 0x0000000100000000)
  eden space 23040K, 100% used [0x00000000eab00000,0x00000000ec180000,0x00000000ec180000)
  from space 3584K, 0% used [0x00000000ec300000,0x00000000ec300000,0x00000000ec680000)
  to   space 1536K, 0% used [0x00000000ec680000,0x00000000ec680000,0x00000000ec800000)
 ParOldGen       total 68608K, used 15379K [0x00000000c0000000, 0x00000000c4300000, 0x00000000eab00000)
  object space 68608K, 22% used [0x00000000c0000000,0x00000000c0f04fe8,0x00000000c4300000)
 Metaspace       used 38402K, committed 39232K, reserved 1114112K
  class space    used 3875K, committed 4224K, reserved 1048576K
}
Event: 4.481 GC heap after
{Heap after GC invocations=14 (full 2):
 PSYoungGen      total 23552K, used 931K [0x00000000eab00000, 0x00000000ec780000, 0x0000000100000000)
  eden space 22528K, 0% used [0x00000000eab00000,0x00000000eab00000,0x00000000ec100000)
  from space 1024K, 90% used [0x00000000ec680000,0x00000000ec768ec8,0x00000000ec780000)
  to   space 1536K, 0% used [0x00000000ec480000,0x00000000ec480000,0x00000000ec600000)
 ParOldGen       total 68608K, used 15387K [0x00000000c0000000, 0x00000000c4300000, 0x00000000eab00000)
  object space 68608K, 22% used [0x00000000c0000000,0x00000000c0f06fe8,0x00000000c4300000)
 Metaspace       used 38402K, committed 39232K, reserved 1114112K
  class space    used 3875K, committed 4224K, reserved 1048576K
}
Event: 4.733 GC heap before
{Heap before GC invocations=15 (full 2):
 PSYoungGen      total 23552K, used 23459K [0x00000000eab00000, 0x00000000ec780000, 0x0000000100000000)
  eden space 22528K, 100% used [0x00000000eab00000,0x00000000ec100000,0x00000000ec100000)
  from space 1024K, 90% used [0x00000000ec680000,0x00000000ec768ec8,0x00000000ec780000)
  to   space 1536K, 0% used [0x00000000ec480000,0x00000000ec480000,0x00000000ec600000)
 ParOldGen       total 68608K, used 15387K [0x00000000c0000000, 0x00000000c4300000, 0x00000000eab00000)
  object space 68608K, 22% used [0x00000000c0000000,0x00000000c0f06fe8,0x00000000c4300000)
 Metaspace       used 40475K, committed 41408K, reserved 1114112K
  class space    used 4143K, committed 4544K, reserved 1048576K
}
Event: 4.735 GC heap after
{Heap after GC invocations=15 (full 2):
 PSYoungGen      total 23552K, used 931K [0x00000000eab00000, 0x00000000ec700000, 0x0000000100000000)
  eden space 22016K, 0% used [0x00000000eab00000,0x00000000eab00000,0x00000000ec080000)
  from space 1536K, 60% used [0x00000000ec480000,0x00000000ec568d08,0x00000000ec600000)
  to   space 1024K, 0% used [0x00000000ec600000,0x00000000ec600000,0x00000000ec700000)
 ParOldGen       total 68608K, used 16196K [0x00000000c0000000, 0x00000000c4300000, 0x00000000eab00000)
  object space 68608K, 23% used [0x00000000c0000000,0x00000000c0fd1118,0x00000000c4300000)
 Metaspace       used 40475K, committed 41408K, reserved 1114112K
  class space    used 4143K, committed 4544K, reserved 1048576K
}
Event: 4.980 GC heap before
{Heap before GC invocations=16 (full 2):
 PSYoungGen      total 23552K, used 22947K [0x00000000eab00000, 0x00000000ec700000, 0x0000000100000000)
  eden space 22016K, 100% used [0x00000000eab00000,0x00000000ec080000,0x00000000ec080000)
  from space 1536K, 60% used [0x00000000ec480000,0x00000000ec568d08,0x00000000ec600000)
  to   space 1024K, 0% used [0x00000000ec600000,0x00000000ec600000,0x00000000ec700000)
 ParOldGen       total 68608K, used 16196K [0x00000000c0000000, 0x00000000c4300000, 0x00000000eab00000)
  object space 68608K, 23% used [0x00000000c0000000,0x00000000c0fd1118,0x00000000c4300000)
 Metaspace       used 42532K, committed 43456K, reserved 1114112K
  class space    used 4422K, committed 4800K, reserved 1048576K
}
Event: 4.982 GC heap after
{Heap after GC invocations=16 (full 2):
 PSYoungGen      total 23040K, used 704K [0x00000000eab00000, 0x00000000ec700000, 0x0000000100000000)
  eden space 22016K, 0% used [0x00000000eab00000,0x00000000eab00000,0x00000000ec080000)
  from space 1024K, 68% used [0x00000000ec600000,0x00000000ec6b0000,0x00000000ec700000)
  to   space 1024K, 0% used [0x00000000ec500000,0x00000000ec500000,0x00000000ec600000)
 ParOldGen       total 68608K, used 16868K [0x00000000c0000000, 0x00000000c4300000, 0x00000000eab00000)
  object space 68608K, 24% used [0x00000000c0000000,0x00000000c1079028,0x00000000c4300000)
 Metaspace       used 42532K, committed 43456K, reserved 1114112K
  class space    used 4422K, committed 4800K, reserved 1048576K
}
Event: 5.276 GC heap before
{Heap before GC invocations=17 (full 2):
 PSYoungGen      total 23040K, used 22720K [0x00000000eab00000, 0x00000000ec700000, 0x0000000100000000)
  eden space 22016K, 100% used [0x00000000eab00000,0x00000000ec080000,0x00000000ec080000)
  from space 1024K, 68% used [0x00000000ec600000,0x00000000ec6b0000,0x00000000ec700000)
  to   space 1024K, 0% used [0x00000000ec500000,0x00000000ec500000,0x00000000ec600000)
 ParOldGen       total 68608K, used 16868K [0x00000000c0000000, 0x00000000c4300000, 0x00000000eab00000)
  object space 68608K, 24% used [0x00000000c0000000,0x00000000c1079028,0x00000000c4300000)
 Metaspace       used 44860K, committed 45888K, reserved 1114112K
  class space    used 4724K, committed 5184K, reserved 1048576K
}
Event: 5.278 GC heap after
{Heap after GC invocations=17 (full 2):
 PSYoungGen      total 23040K, used 1021K [0x00000000eab00000, 0x00000000ec680000, 0x0000000100000000)
  eden space 22016K, 0% used [0x00000000eab00000,0x00000000eab00000,0x00000000ec080000)
  from space 1024K, 99% used [0x00000000ec500000,0x00000000ec5ff658,0x00000000ec600000)
  to   space 512K, 0% used [0x00000000ec600000,0x00000000ec600000,0x00000000ec680000)
 ParOldGen       total 68608K, used 17574K [0x00000000c0000000, 0x00000000c4300000, 0x00000000eab00000)
  object space 68608K, 25% used [0x00000000c0000000,0x00000000c1129a10,0x00000000c4300000)
 Metaspace       used 44860K, committed 45888K, reserved 1114112K
  class space    used 4724K, committed 5184K, reserved 1048576K
}

Dll operation events (10 events):
Event: 0.007 Loaded shared library c:\Users\User\.vscode\extensions\redhat.java-1.32.0-win32-x64\jre\17.0.11-win32-x86_64\bin\java.dll
Event: 0.128 Loaded shared library c:\Users\User\.vscode\extensions\redhat.java-1.32.0-win32-x64\jre\17.0.11-win32-x86_64\bin\zip.dll
Event: 0.131 Loaded shared library C:\Users\User\.vscode\extensions\redhat.java-1.32.0-win32-x64\jre\17.0.11-win32-x86_64\bin\instrument.dll
Event: 0.149 Loaded shared library C:\Users\User\.vscode\extensions\redhat.java-1.32.0-win32-x64\jre\17.0.11-win32-x86_64\bin\net.dll
Event: 0.151 Loaded shared library C:\Users\User\.vscode\extensions\redhat.java-1.32.0-win32-x64\jre\17.0.11-win32-x86_64\bin\nio.dll
Event: 0.160 Loaded shared library C:\Users\User\.vscode\extensions\redhat.java-1.32.0-win32-x64\jre\17.0.11-win32-x86_64\bin\zip.dll
Event: 0.177 Loaded shared library C:\Users\User\.vscode\extensions\redhat.java-1.32.0-win32-x64\jre\17.0.11-win32-x86_64\bin\jimage.dll
Event: 0.245 Loaded shared library c:\Users\User\.vscode\extensions\redhat.java-1.32.0-win32-x64\jre\17.0.11-win32-x86_64\bin\verify.dll
Event: 1.452 Loaded shared library C:\Users\User\AppData\Roaming\Code\User\globalStorage\redhat.java\1.32.0\config_win\org.eclipse.equinox.launcher\org.eclipse.equinox.launcher.win32.win32.x86_64_1.2.1100.v20240613-2013\eclipse_11903.dll
Event: 4.408 Loaded shared library C:\Users\User\AppData\Local\Temp\jna-2645995\jna11684780685751316207.dll

Deoptimization events (20 events):
Event: 5.138 Thread 0x000002b1bbb742c0 Uncommon trap: trap_request=0xffffffde fr.pc=0x000002b1aaff2014 relative=0x0000000000000494
Event: 5.138 Thread 0x000002b1bbb742c0 Uncommon trap: reason=class_check action=maybe_recompile pc=0x000002b1aaff2014 method=java.lang.reflect.Executable.declaredAnnotations()Ljava/util/Map; @ 23 c2
Event: 5.138 Thread 0x000002b1bbb742c0 DEOPT PACKING pc=0x000002b1aaff2014 sp=0x000000e93fafe180
Event: 5.138 Thread 0x000002b1bbb742c0 DEOPT UNPACKING pc=0x000002b1aa8566a3 sp=0x000000e93fafe150 mode 2
Event: 5.157 Thread 0x000002b1bc342a30 DEOPT PACKING pc=0x000002b1a36fb208 sp=0x000000e9421fdc20
Event: 5.157 Thread 0x000002b1bc342a30 DEOPT UNPACKING pc=0x000002b1aa856e43 sp=0x000000e9421fd128 mode 0
Event: 5.197 Thread 0x000002b1bbb77560 DEOPT PACKING pc=0x000002b1a363133d sp=0x000000e940efa420
Event: 5.198 Thread 0x000002b1bbb77560 DEOPT UNPACKING pc=0x000002b1aa856e43 sp=0x000000e940ef98b8 mode 0
Event: 5.316 Thread 0x000002b1bc342a30 Uncommon trap: trap_request=0xffffff45 fr.pc=0x000002b1aaed38cc relative=0x00000000000001ac
Event: 5.316 Thread 0x000002b1bc342a30 Uncommon trap: reason=unstable_if action=reinterpret pc=0x000002b1aaed38cc method=java.net.URI$Parser.scan(IIJJ)I @ 42 c2
Event: 5.316 Thread 0x000002b1bc342a30 DEOPT PACKING pc=0x000002b1aaed38cc sp=0x000000e9421fdfa0
Event: 5.316 Thread 0x000002b1bc342a30 DEOPT UNPACKING pc=0x000002b1aa8566a3 sp=0x000000e9421fdf20 mode 2
Event: 5.316 Thread 0x000002b1bc342a30 Uncommon trap: trap_request=0xffffff45 fr.pc=0x000002b1aafd2b64 relative=0x0000000000000444
Event: 5.316 Thread 0x000002b1bc342a30 Uncommon trap: reason=unstable_if action=reinterpret pc=0x000002b1aafd2b64 method=java.nio.charset.CharsetDecoder.decode(Ljava/nio/ByteBuffer;Ljava/nio/CharBuffer;Z)Ljava/nio/charset/CoderResult; @ 1 c2
Event: 5.316 Thread 0x000002b1bc342a30 DEOPT PACKING pc=0x000002b1aafd2b64 sp=0x000000e9421fe190
Event: 5.316 Thread 0x000002b1bc342a30 DEOPT UNPACKING pc=0x000002b1aa8566a3 sp=0x000000e9421fe148 mode 2
Event: 5.415 Thread 0x000002b1bc342a30 Uncommon trap: trap_request=0xffffff45 fr.pc=0x000002b1aae980e8 relative=0x00000000000000e8
Event: 5.415 Thread 0x000002b1bc342a30 Uncommon trap: reason=unstable_if action=reinterpret pc=0x000002b1aae980e8 method=jdk.internal.org.objectweb.asm.ByteVector.putShort(I)Ljdk/internal/org/objectweb/asm/ByteVector; @ 13 c2
Event: 5.415 Thread 0x000002b1bc342a30 DEOPT PACKING pc=0x000002b1aae980e8 sp=0x000000e9421fc3c0
Event: 5.416 Thread 0x000002b1bc342a30 DEOPT UNPACKING pc=0x000002b1aa8566a3 sp=0x000000e9421fc348 mode 2

Classes unloaded (7 events):
Event: 4.126 Thread 0x000002b1a06eea90 Unloading class 0x0000000100250400 'java/lang/invoke/LambdaForm$MH+0x0000000100250400'
Event: 4.126 Thread 0x000002b1a06eea90 Unloading class 0x0000000100250000 'java/lang/invoke/LambdaForm$MH+0x0000000100250000'
Event: 4.126 Thread 0x000002b1a06eea90 Unloading class 0x000000010024fc00 'java/lang/invoke/LambdaForm$MH+0x000000010024fc00'
Event: 4.126 Thread 0x000002b1a06eea90 Unloading class 0x000000010024f800 'java/lang/invoke/LambdaForm$MH+0x000000010024f800'
Event: 4.126 Thread 0x000002b1a06eea90 Unloading class 0x000000010024f400 'java/lang/invoke/LambdaForm$BMH+0x000000010024f400'
Event: 4.126 Thread 0x000002b1a06eea90 Unloading class 0x000000010024f000 'java/lang/invoke/LambdaForm$DMH+0x000000010024f000'
Event: 4.126 Thread 0x000002b1a06eea90 Unloading class 0x000000010024c400 'java/lang/invoke/LambdaForm$DMH+0x000000010024c400'

Classes redefined (0 events):
No events

Internal exceptions (20 events):
Event: 4.178 Thread 0x000002b1bb7b6f70 Exception <a 'java/lang/ClassNotFoundException'{0x00000000eabbdbe8}: com/sun/org/apache/xml/internal/serializer/spi/XMLEntitiesProvider> (0x00000000eabbdbe8) 
thrown [s\src\hotspot\share\classfile\systemDictionary.cpp, line 256]
Event: 4.277 Thread 0x000002b1bbb742c0 Exception <a 'java/lang/NoSuchMethodError'{0x00000000eb0d8f38}: 'java.lang.Object java.lang.invoke.DirectMethodHandle$Holder.invokeSpecialIFC(java.lang.Object, java.lang.Object, java.lang.Object, java.lang.Object)'> (0x00000000eb0d8f38) 
thrown [s\src\hotspot\share\interpreter\linkResolver.cpp, line 759]
Event: 4.297 Thread 0x000002b1bb7b6f70 Exception <a 'java/io/FileNotFoundException'{0x00000000eb1cf8c8}> (0x00000000eb1cf8c8) 
thrown [s\src\hotspot\share\prims\jni.cpp, line 516]
Event: 4.441 Thread 0x000002b1bb7b6f70 Exception <a 'java/lang/UnsatisfiedLinkError'{0x00000000ebd5b780}: Não foi possível encontrar o procedimento especificado.
> (0x00000000ebd5b780) 
thrown [s\src\hotspot\share\prims\jni.cpp, line 535]
Event: 4.447 Thread 0x000002b1bb7b6f70 Exception <a 'java/io/FileNotFoundException'{0x00000000ebd83e90}> (0x00000000ebd83e90) 
thrown [s\src\hotspot\share\prims\jni.cpp, line 516]
Event: 4.456 Thread 0x000002b1bbb742c0 Exception <a 'java/lang/NoSuchMethodError'{0x00000000ebf5cc78}: 'int java.lang.invoke.DirectMethodHandle$Holder.invokeSpecialIFC(java.lang.Object, java.lang.Object, java.lang.Object, java.lang.Object, java.lang.Object)'> (0x00000000ebf5cc78) 
thrown [s\src\hotspot\share\interpreter\linkResolver.cpp, line 759]
Event: 4.457 Thread 0x000002b1bb7b6f70 Exception <a 'java/io/FileNotFoundException'{0x00000000ebf00de8}> (0x00000000ebf00de8) 
thrown [s\src\hotspot\share\prims\jni.cpp, line 516]
Event: 4.468 Thread 0x000002b1bb7b6f70 Exception <a 'java/lang/UnsatisfiedLinkError'{0x00000000ebfe17c0}: Não foi possível encontrar o procedimento especificado.
> (0x00000000ebfe17c0) 
thrown [s\src\hotspot\share\prims\jni.cpp, line 535]
Event: 4.606 Thread 0x000002b1a0637ea0 Exception <a 'java/lang/NoSuchMethodError'{0x00000000eb54a968}: 'java.lang.Object java.lang.invoke.DirectMethodHandle$Holder.invokeStatic(java.lang.Object, java.lang.Object, long, java.lang.Object)'> (0x00000000eb54a968) 
thrown [s\src\hotspot\share\interpreter\linkResolver.cpp, line 759]
Event: 4.606 Thread 0x000002b1a0637ea0 Exception <a 'java/lang/NoSuchMethodError'{0x00000000eb54e648}: 'java.lang.Object java.lang.invoke.DirectMethodHandle$Holder.invokeStaticInit(java.lang.Object, java.lang.Object, long, java.lang.Object)'> (0x00000000eb54e648) 
thrown [s\src\hotspot\share\interpreter\linkResolver.cpp, line 759]
Event: 4.607 Thread 0x000002b1a0637ea0 Exception <a 'java/lang/NoSuchMethodError'{0x00000000eb56dc20}: 'java.lang.Object java.lang.invoke.DirectMethodHandle$Holder.newInvokeSpecial(java.lang.Object, java.lang.Object, long)'> (0x00000000eb56dc20) 
thrown [s\src\hotspot\share\interpreter\linkResolver.cpp, line 759]
Event: 4.614 Thread 0x000002b1bbb742c0 Exception <a 'java/lang/NoClassDefFoundError'{0x00000000eb59ebe0}: javax/enterprise/inject/Typed> (0x00000000eb59ebe0) 
thrown [s\src\hotspot\share\classfile\systemDictionary.cpp, line 245]
Event: 4.685 Thread 0x000002b1a0637ea0 Exception <a 'java/lang/NoSuchMethodError'{0x00000000ebd52cd8}: 'void java.lang.invoke.DirectMethodHandle$Holder.invokeStatic(java.lang.Object, java.lang.Object, java.lang.Object, java.lang.Object)'> (0x00000000ebd52cd8) 
thrown [s\src\hotspot\share\interpreter\linkResolver.cpp, line 759]
Event: 4.988 Thread 0x000002b1a0637ea0 Exception <a 'java/lang/NoSuchMethodError'{0x00000000eab632b8}: 'void java.lang.invoke.DirectMethodHandle$Holder.invokeSpecial(java.lang.Object, java.lang.Object, java.lang.Object, java.lang.Object, java.lang.Object, java.lang.Object)'> (0x00000000eab632b8) 
thrown [s\src\hotspot\share\interpreter\linkResolver.cpp, line 759]
Event: 4.993 Thread 0x000002b1a0637ea0 Exception <a 'java/lang/IncompatibleClassChangeError'{0x00000000eab6ccf8}: Found class java.lang.Object, but interface was expected> (0x00000000eab6ccf8) 
thrown [s\src\hotspot\share\interpreter\linkResolver.cpp, line 826]
Event: 5.321 Thread 0x000002b1bc342a30 Exception <a 'java/io/FileNotFoundException'{0x00000000ead41b90}> (0x00000000ead41b90) 
thrown [s\src\hotspot\share\prims\jni.cpp, line 516]
Event: 5.398 Thread 0x000002b1bc342a30 Exception <a 'java/lang/NoSuchMethodError'{0x00000000eaff96f8}: 'int java.lang.invoke.DirectMethodHandle$Holder.invokeSpecial(java.lang.Object, java.lang.Object, java.lang.Object, java.lang.Object)'> (0x00000000eaff96f8) 
thrown [s\src\hotspot\share\interpreter\linkResolver.cpp, line 759]
Event: 5.408 Thread 0x000002b1bc342a30 Exception <a 'java/lang/NoSuchMethodError'{0x00000000eb105660}: 'java.lang.Object java.lang.invoke.DirectMethodHandle$Holder.invokeStatic(java.lang.Object, int, java.lang.Object, java.lang.Object)'> (0x00000000eb105660) 
thrown [s\src\hotspot\share\interpreter\linkResolver.cpp, line 759]
Event: 5.409 Thread 0x000002b1bc342a30 Exception <a 'java/lang/NoSuchMethodError'{0x00000000eb113708}: 'java.lang.Object java.lang.invoke.DelegatingMethodHandle$Holder.delegate(java.lang.Object, int, java.lang.Object, java.lang.Object)'> (0x00000000eb113708) 
thrown [s\src\hotspot\share\interpreter\linkResolver.cpp, line 759]
Event: 5.420 Thread 0x000002b1bc342a30 Exception <a 'java/lang/NoSuchMethodError'{0x00000000eb18c828}: 'int java.lang.invoke.Invokers$Holder.linkToTargetMethod(java.lang.Object, java.lang.Object, java.lang.Object)'> (0x00000000eb18c828) 
thrown [s\src\hotspot\share\interpreter\linkResolver.cpp, line 759]

VM Operations (20 events):
Event: 4.732 Executing VM operation: ParallelGCFailedAllocation
Event: 4.737 Executing VM operation: ParallelGCFailedAllocation done
Event: 4.980 Executing VM operation: ParallelGCFailedAllocation
Event: 4.982 Executing VM operation: ParallelGCFailedAllocation done
Event: 5.200 Executing VM operation: HandshakeAllThreads
Event: 5.200 Executing VM operation: HandshakeAllThreads done
Event: 5.200 Executing VM operation: HandshakeAllThreads
Event: 5.200 Executing VM operation: HandshakeAllThreads done
Event: 5.228 Executing VM operation: HandshakeAllThreads
Event: 5.231 Executing VM operation: HandshakeAllThreads done
Event: 5.253 Executing VM operation: HandshakeAllThreads
Event: 5.254 Executing VM operation: HandshakeAllThreads done
Event: 5.275 Executing VM operation: ParallelGCFailedAllocation
Event: 5.279 Executing VM operation: ParallelGCFailedAllocation done
Event: 5.402 Executing VM operation: HandshakeAllThreads
Event: 5.402 Executing VM operation: HandshakeAllThreads done
Event: 5.591 Executing VM operation: HandshakeAllThreads
Event: 5.591 Executing VM operation: HandshakeAllThreads done
Event: 5.622 Executing VM operation: HandshakeAllThreads
Event: 5.622 Executing VM operation: HandshakeAllThreads done

Events (20 events):
Event: 5.400 loading class java/util/AbstractList$RandomAccessSubList
Event: 5.400 loading class java/util/AbstractList$SubList
Event: 5.401 loading class java/util/AbstractList$SubList done
Event: 5.401 loading class java/util/AbstractList$RandomAccessSubList done
Event: 5.401 loading class java/util/AbstractList$ListItr
Event: 5.401 loading class java/util/AbstractList$ListItr done
Event: 5.402 loading class java/util/AbstractList$SubList$1
Event: 5.403 loading class java/util/AbstractList$SubList$1 done
Event: 5.411 loading class java/lang/invoke/MethodHandleImpl$CountingWrapper
Event: 5.411 loading class java/lang/invoke/MethodHandleImpl$CountingWrapper done
Event: 5.466 loading class java/util/concurrent/CompletionService
Event: 5.467 loading class java/util/concurrent/CompletionService done
Event: 5.620 loading class java/nio/channels/SocketChannel
Event: 5.620 loading class java/nio/channels/NetworkChannel
Event: 5.620 loading class java/nio/channels/NetworkChannel done
Event: 5.620 loading class java/nio/channels/spi/AbstractSelectableChannel
Event: 5.621 loading class java/nio/channels/spi/AbstractSelectableChannel done
Event: 5.621 loading class java/nio/channels/SocketChannel done
Event: 5.624 loading class java/nio/channels/ServerSocketChannel
Event: 5.624 loading class java/nio/channels/ServerSocketChannel done


Dynamic libraries:
0x00007ff7221c0000 - 0x00007ff7221ce000 	c:\Users\User\.vscode\extensions\redhat.java-1.32.0-win32-x64\jre\17.0.11-win32-x86_64\bin\java.exe
0x00007ffb1e770000 - 0x00007ffb1e968000 	C:\Windows\SYSTEM32\ntdll.dll
0x00007ffb1db40000 - 0x00007ffb1dbfd000 	C:\Windows\System32\KERNEL32.DLL
0x00007ffb1bf80000 - 0x00007ffb1c276000 	C:\Windows\System32\KERNELBASE.dll
0x00007ffb1c4a0000 - 0x00007ffb1c5a0000 	C:\Windows\System32\ucrtbase.dll
0x00007ffb18320000 - 0x00007ffb1833b000 	c:\Users\User\.vscode\extensions\redhat.java-1.32.0-win32-x64\jre\17.0.11-win32-x86_64\bin\VCRUNTIME140.dll
0x00007ffb189f0000 - 0x00007ffb18a07000 	c:\Users\User\.vscode\extensions\redhat.java-1.32.0-win32-x64\jre\17.0.11-win32-x86_64\bin\jli.dll
0x00007ffb1d180000 - 0x00007ffb1d31f000 	C:\Windows\System32\USER32.dll
0x00007ffb03f50000 - 0x00007ffb041ea000 	C:\Windows\WinSxS\amd64_microsoft.windows.common-controls_6595b64144ccf1df_6.0.19041.4355_none_60b8b9eb71f62e16\COMCTL32.dll
0x00007ffb1bf50000 - 0x00007ffb1bf72000 	C:\Windows\System32\win32u.dll
0x00007ffb1d5f0000 - 0x00007ffb1d68e000 	C:\Windows\System32\msvcrt.dll
0x00007ffb1d690000 - 0x00007ffb1d6bb000 	C:\Windows\System32\GDI32.dll
0x00007ffb1be30000 - 0x00007ffb1bf47000 	C:\Windows\System32\gdi32full.dll
0x00007ffb1c2b0000 - 0x00007ffb1c34d000 	C:\Windows\System32\msvcp_win.dll
0x00007ffb1e090000 - 0x00007ffb1e0bf000 	C:\Windows\System32\IMM32.DLL
0x00007ffb18ba0000 - 0x00007ffb18bac000 	c:\Users\User\.vscode\extensions\redhat.java-1.32.0-win32-x64\jre\17.0.11-win32-x86_64\bin\vcruntime140_1.dll
0x00007ffae01e0000 - 0x00007ffae026d000 	c:\Users\User\.vscode\extensions\redhat.java-1.32.0-win32-x64\jre\17.0.11-win32-x86_64\bin\msvcp140.dll
0x00007ffadbf00000 - 0x00007ffadcb62000 	c:\Users\User\.vscode\extensions\redhat.java-1.32.0-win32-x64\jre\17.0.11-win32-x86_64\bin\server\jvm.dll
0x00007ffb1e570000 - 0x00007ffb1e620000 	C:\Windows\System32\ADVAPI32.dll
0x00007ffb1dff0000 - 0x00007ffb1e090000 	C:\Windows\System32\sechost.dll
0x00007ffb1e440000 - 0x00007ffb1e563000 	C:\Windows\System32\RPCRT4.dll
0x00007ffb1c280000 - 0x00007ffb1c2a7000 	C:\Windows\System32\bcrypt.dll
0x00007ffb1bc80000 - 0x00007ffb1bccb000 	C:\Windows\SYSTEM32\POWRPROF.dll
0x00007ffb103a0000 - 0x00007ffb103c7000 	C:\Windows\SYSTEM32\WINMM.dll
0x00007ffb021c0000 - 0x00007ffb021c9000 	C:\Windows\SYSTEM32\WSOCK32.dll
0x00007ffb1d450000 - 0x00007ffb1d4bb000 	C:\Windows\System32\WS2_32.dll
0x00007ffb11fb0000 - 0x00007ffb11fba000 	C:\Windows\SYSTEM32\VERSION.dll
0x00007ffb1bc60000 - 0x00007ffb1bc72000 	C:\Windows\SYSTEM32\UMPDC.dll
0x00007ffb1a630000 - 0x00007ffb1a642000 	C:\Windows\SYSTEM32\kernel.appcore.dll
0x00007ffb189e0000 - 0x00007ffb189ea000 	c:\Users\User\.vscode\extensions\redhat.java-1.32.0-win32-x64\jre\17.0.11-win32-x86_64\bin\jimage.dll
0x00007ffb19c40000 - 0x00007ffb19e24000 	C:\Windows\SYSTEM32\DBGHELP.DLL
0x00007ffb07a60000 - 0x00007ffb07a94000 	C:\Windows\SYSTEM32\dbgcore.DLL
0x00007ffb1c350000 - 0x00007ffb1c3d2000 	C:\Windows\System32\bcryptPrimitives.dll
0x00007ffb18310000 - 0x00007ffb1831e000 	c:\Users\User\.vscode\extensions\redhat.java-1.32.0-win32-x64\jre\17.0.11-win32-x86_64\bin\instrument.dll
0x00007ffaf5b40000 - 0x00007ffaf5b65000 	c:\Users\User\.vscode\extensions\redhat.java-1.32.0-win32-x64\jre\17.0.11-win32-x86_64\bin\java.dll
0x00007ffaf6490000 - 0x00007ffaf64a8000 	c:\Users\User\.vscode\extensions\redhat.java-1.32.0-win32-x64\jre\17.0.11-win32-x86_64\bin\zip.dll
0x00007ffb1c990000 - 0x00007ffb1d0fc000 	C:\Windows\System32\SHELL32.dll
0x00007ffb19e50000 - 0x00007ffb1a5ed000 	C:\Windows\SYSTEM32\windows.storage.dll
0x00007ffb1dc00000 - 0x00007ffb1df53000 	C:\Windows\System32\combase.dll
0x00007ffb1b6a0000 - 0x00007ffb1b6ce000 	C:\Windows\SYSTEM32\Wldp.dll
0x00007ffb1d520000 - 0x00007ffb1d5ed000 	C:\Windows\System32\OLEAUT32.dll
0x00007ffb1e320000 - 0x00007ffb1e3cd000 	C:\Windows\System32\SHCORE.dll
0x00007ffb1e2c0000 - 0x00007ffb1e315000 	C:\Windows\System32\shlwapi.dll
0x00007ffb1bd60000 - 0x00007ffb1bd84000 	C:\Windows\SYSTEM32\profapi.dll
0x00007ffaf5960000 - 0x00007ffaf5979000 	C:\Users\User\.vscode\extensions\redhat.java-1.32.0-win32-x64\jre\17.0.11-win32-x86_64\bin\net.dll
0x00007ffb150c0000 - 0x00007ffb151ca000 	C:\Windows\SYSTEM32\WINHTTP.dll
0x00007ffb1b480000 - 0x00007ffb1b4ea000 	C:\Windows\system32\mswsock.dll
0x00007ffaf4780000 - 0x00007ffaf4796000 	C:\Users\User\.vscode\extensions\redhat.java-1.32.0-win32-x64\jre\17.0.11-win32-x86_64\bin\nio.dll
0x00007ffb09d50000 - 0x00007ffb09d60000 	c:\Users\User\.vscode\extensions\redhat.java-1.32.0-win32-x64\jre\17.0.11-win32-x86_64\bin\verify.dll
0x00007ffae5090000 - 0x00007ffae50d4000 	C:\Users\User\AppData\Roaming\Code\User\globalStorage\redhat.java\1.32.0\config_win\org.eclipse.equinox.launcher\org.eclipse.equinox.launcher.win32.win32.x86_64_1.2.1100.v20240613-2013\eclipse_11903.dll
0x00007ffb1d320000 - 0x00007ffb1d44b000 	C:\Windows\System32\ole32.dll
0x00007ffb1b6e0000 - 0x00007ffb1b6f8000 	C:\Windows\SYSTEM32\CRYPTSP.dll
0x00007ffb1adc0000 - 0x00007ffb1adf4000 	C:\Windows\system32\rsaenh.dll
0x00007ffb1bd10000 - 0x00007ffb1bd3e000 	C:\Windows\SYSTEM32\USERENV.dll
0x00007ffb1b610000 - 0x00007ffb1b61c000 	C:\Windows\SYSTEM32\CRYPTBASE.dll
0x00007ffb1b180000 - 0x00007ffb1b1bb000 	C:\Windows\SYSTEM32\IPHLPAPI.DLL
0x00007ffb1e430000 - 0x00007ffb1e438000 	C:\Windows\System32\NSI.dll
0x00007ffb16310000 - 0x00007ffb16327000 	C:\Windows\SYSTEM32\dhcpcsvc6.DLL
0x00007ffb162f0000 - 0x00007ffb1630d000 	C:\Windows\SYSTEM32\dhcpcsvc.DLL
0x00007ffb1b1c0000 - 0x00007ffb1b28a000 	C:\Windows\SYSTEM32\DNSAPI.dll
0x00007ffae4ff0000 - 0x00007ffae5035000 	C:\Users\User\AppData\Local\Temp\jna-2645995\jna11684780685751316207.dll
0x00007ffb1c960000 - 0x00007ffb1c968000 	C:\Windows\System32\PSAPI.DLL

dbghelp: loaded successfully - version: 4.0.5 - missing functions: none
symbol engine: initialized successfully - sym options: 0x614 - pdb path: .;c:\Users\User\.vscode\extensions\redhat.java-1.32.0-win32-x64\jre\17.0.11-win32-x86_64\bin;C:\Windows\SYSTEM32;C:\Windows\WinSxS\amd64_microsoft.windows.common-controls_6595b64144ccf1df_6.0.19041.4355_none_60b8b9eb71f62e16;c:\Users\User\.vscode\extensions\redhat.java-1.32.0-win32-x64\jre\17.0.11-win32-x86_64\bin\server;C:\Users\User\AppData\Roaming\Code\User\globalStorage\redhat.java\1.32.0\config_win\org.eclipse.equinox.launcher\org.eclipse.equinox.launcher.win32.win32.x86_64_1.2.1100.v20240613-2013;C:\Users\User\AppData\Local\Temp\jna-2645995

VM Arguments:
jvm_args: --add-modules=ALL-SYSTEM --add-opens=java.base/java.util=ALL-UNNAMED --add-opens=java.base/java.lang=ALL-UNNAMED --add-opens=java.base/sun.nio.fs=ALL-UNNAMED -Declipse.application=org.eclipse.jdt.ls.core.id1 -Dosgi.bundles.defaultStartLevel=4 -Declipse.product=org.eclipse.jdt.ls.core.product -Djava.import.generatesMetadataFilesAtProjectRoot=false -DDetectVMInstallationsJob.disabled=true -Dfile.encoding=utf8 -XX:+UseParallelGC -XX:GCTimeRatio=4 -XX:AdaptiveSizePolicyWeight=90 -Dsun.zip.disableMemoryMapping=true -Xmx1G -Xms100m -Xlog:disable -javaagent:c:\Users\User\.vscode\extensions\redhat.java-1.32.0-win32-x64\lombok\lombok-1.18.33.jar -XX:+HeapDumpOnOutOfMemoryError -XX:HeapDumpPath=c:\Users\User\AppData\Roaming\Code\User\workspaceStorage\eaf135cd5310be31a5f9fb246a386dd1\redhat.java -Daether.dependencyCollector.impl=bf 
java_command: c:\Users\User\.vscode\extensions\redhat.java-1.32.0-win32-x64\server\plugins\org.eclipse.equinox.launcher_1.6.900.v20240613-2009.jar -configuration c:\Users\User\AppData\Roaming\Code\User\globalStorage\redhat.java\1.32.0\config_win -data c:\Users\User\AppData\Roaming\Code\User\workspaceStorage\eaf135cd5310be31a5f9fb246a386dd1\redhat.java\jdt_ws --pipe=\\.\pipe\lsp-d7a611be1156c922323cd9ebd12cd8e0-sock
java_class_path (initial): c:\Users\User\.vscode\extensions\redhat.java-1.32.0-win32-x64\server\plugins\org.eclipse.equinox.launcher_1.6.900.v20240613-2009.jar
Launcher Type: SUN_STANDARD

[Global flags]
    uintx AdaptiveSizePolicyWeight                 = 90                                        {product} {command line}
     intx CICompilerCount                          = 4                                         {product} {ergonomic}
    uintx GCTimeRatio                              = 4                                         {product} {command line}
     bool HeapDumpOnOutOfMemoryError               = true                                   {manageable} {command line}
    ccstr HeapDumpPath                             = c:\Users\User\AppData\Roaming\Code\User\workspaceStorage\eaf135cd5310be31a5f9fb246a386dd1\redhat.java         {manageable} {command line}
   size_t InitialHeapSize                          = 104857600                                 {product} {command line}
   size_t MaxHeapSize                              = 1073741824                                {product} {command line}
   size_t MaxNewSize                               = 357564416                                 {product} {ergonomic}
   size_t MinHeapDeltaBytes                        = 524288                                    {product} {ergonomic}
   size_t MinHeapSize                              = 104857600                                 {product} {command line}
   size_t NewSize                                  = 34603008                                  {product} {ergonomic}
    uintx NonNMethodCodeHeapSize                   = 5839372                                {pd product} {ergonomic}
    uintx NonProfiledCodeHeapSize                  = 122909434                              {pd product} {ergonomic}
   size_t OldSize                                  = 70254592                                  {product} {ergonomic}
    uintx ProfiledCodeHeapSize                     = 122909434                              {pd product} {ergonomic}
    uintx ReservedCodeCacheSize                    = 251658240                              {pd product} {ergonomic}
     bool SegmentedCodeCache                       = true                                      {product} {ergonomic}
   size_t SoftMaxHeapSize                          = 1073741824                             {manageable} {ergonomic}
     bool UseCompressedClassPointers               = true                           {product lp64_product} {ergonomic}
     bool UseCompressedOops                        = true                           {product lp64_product} {ergonomic}
     bool UseLargePagesIndividualAllocation        = false                                  {pd product} {ergonomic}
     bool UseParallelGC                            = true                                      {product} {command line}

Logging:
Log output configuration:
 #0: stdout all=off uptime,level,tags
 #1: stderr all=off uptime,level,tags

Environment Variables:
JAVA_HOME=C:\Program Files\Zulu\zulu-21\
PATH=C:\Program Files\Zulu\zulu-21\bin\;C:\Windows\system32;C:\Windows;C:\Windows\System32\Wbem;C:\Windows\System32\WindowsPowerShell\v1.0\;C:\Windows\System32\OpenSSH\;C:\Program Files\MongoDB\Server\6.0\bin;C:\Gradle\gradle-8.7\bin;C:\Program Files\nodejs\;C:\composer;C:\sqlite;C:\ProgramData\chocolatey\bin;C:\tools\php83;C:\flutter\bin;C:\MinGW\bin;C:\Program Files\Git\cmd;C:\curl-7.46.0-win64\bin;C:\Users\User\AppData\Local\Programs\Python\Python312\Scripts\;C:\Users\User\AppData\Local\Programs\Python\Python312\;C:\Users\User\AppData\Local\Programs\Python\Launcher\;C:\Users\User\AppData\Local\Microsoft\WindowsApps;C:\Users\User\AppData\Local\Programs\Microsoft VS Code\bin;C:\Users\User\AppData\Local\Programs\mongosh\;C:\apache-maven-3.9.6\bin;C:\Users\User\AppData\Roaming\npm;C:\Users\User\AppData\Roaming\Composer\vendor\bin;C:\flutter\bin;C:\MinGW\bin;C:\Program Files\JetBrains\IntelliJ IDEA Community Edition 2023.3.6\bin;C:\tools\apache\bin;C:\Program Files\MySQL\MySQL Server 8.0\bin;
USERNAME=User
OS=Windows_NT
PROCESSOR_IDENTIFIER=AMD64 Family 23 Model 104 Stepping 1, AuthenticAMD
TMP=C:\Users\User\AppData\Local\Temp
TEMP=C:\Users\User\AppData\Local\Temp



Periodic native trim disabled


---------------  S Y S T E M  ---------------

OS:
 Windows 10 , 64 bit Build 19041 (10.0.19041.3636)
OS uptime: 0 days 0:52 hours
Hyper-V role detected

CPU: total 12 (initial active 12) (12 cores per cpu, 2 threads per core) family 23 model 104 stepping 1 microcode 0x0, cx8, cmov, fxsr, ht, mmx, 3dnowpref, sse, sse2, sse3, ssse3, sse4a, sse4.1, sse4.2, popcnt, lzcnt, tsc, tscinvbit, avx, avx2, aes, clmul, bmi1, bmi2, adx, sha, fma, vzeroupper, clflush, clflushopt, hv
Processor Information for all 12 processors :
  Max Mhz: 2100, Current Mhz: 2100, Mhz Limit: 2100

Memory: 4k page, system-wide physical 6005M (698M free)
TotalPageFile size 11005M (AvailPageFile size 5M)
current process WorkingSet (physical memory assigned to process): 214M, peak: 214M
current process commit charge ("private bytes"): 316M, peak: 318M

vm_info: OpenJDK 64-Bit Server VM (17.0.11+9) for windows-amd64 JRE (17.0.11+9), built on Apr 17 2024 06:07:48 by "admin" with MS VC++ 16.10 / 16.11 (VS2019)

END.
